2015-06-02 09:39:52.639+0000 INFO  [o.n.k.InternalAbstractGraphDatabase]: No locking implementation specified, defaulting to 'community'
2015-06-02 09:39:53.112+0000 INFO  [o.n.k.i.DiagnosticsManager]: --- INITIALIZED diagnostics START ---
2015-06-02 09:39:53.119+0000 INFO  [o.n.k.i.DiagnosticsManager]: Neo4j Kernel properties:
2015-06-02 09:39:53.123+0000 INFO  [o.n.k.i.DiagnosticsManager]: neostore.propertystore.db.mapped_memory=295M
2015-06-02 09:39:53.124+0000 INFO  [o.n.k.i.DiagnosticsManager]: neostore.nodestore.db.mapped_memory=81M
2015-06-02 09:39:53.124+0000 INFO  [o.n.k.i.DiagnosticsManager]: neostore.relationshipstore.db.mapped_memory=361M
2015-06-02 09:39:53.124+0000 INFO  [o.n.k.i.DiagnosticsManager]: neostore.propertystore.db.strings.mapped_memory=250M
2015-06-02 09:39:53.124+0000 INFO  [o.n.k.i.DiagnosticsManager]: store_dir=accessingdataneo4j.db
2015-06-02 09:39:53.124+0000 INFO  [o.n.k.i.DiagnosticsManager]: neostore.propertystore.db.arrays.mapped_memory=284M
2015-06-02 09:39:53.124+0000 INFO  [o.n.k.i.DiagnosticsManager]: ephemeral=false
2015-06-02 09:39:53.130+0000 INFO  [o.n.k.i.DiagnosticsManager]: Diagnostics providers:
2015-06-02 09:39:53.130+0000 INFO  [o.n.k.i.DiagnosticsManager]: org.neo4j.kernel.configuration.Config
2015-06-02 09:39:53.130+0000 INFO  [o.n.k.i.DiagnosticsManager]: org.neo4j.kernel.info.DiagnosticsManager
2015-06-02 09:39:53.130+0000 INFO  [o.n.k.i.DiagnosticsManager]: SYSTEM_MEMORY
2015-06-02 09:39:53.131+0000 INFO  [o.n.k.i.DiagnosticsManager]: JAVA_MEMORY
2015-06-02 09:39:53.131+0000 INFO  [o.n.k.i.DiagnosticsManager]: OPERATING_SYSTEM
2015-06-02 09:39:53.131+0000 INFO  [o.n.k.i.DiagnosticsManager]: JAVA_VIRTUAL_MACHINE
2015-06-02 09:39:53.131+0000 INFO  [o.n.k.i.DiagnosticsManager]: CLASSPATH
2015-06-02 09:39:53.131+0000 INFO  [o.n.k.i.DiagnosticsManager]: LIBRARY_PATH
2015-06-02 09:39:53.131+0000 INFO  [o.n.k.i.DiagnosticsManager]: SYSTEM_PROPERTIES
2015-06-02 09:39:53.131+0000 INFO  [o.n.k.i.DiagnosticsManager]: LINUX_SCHEDULERS
2015-06-02 09:39:53.131+0000 INFO  [o.n.k.i.DiagnosticsManager]: NETWORK
2015-06-02 09:39:53.133+0000 INFO  [o.n.k.i.DiagnosticsManager]: System memory information:
2015-06-02 09:39:53.141+0000 INFO  [o.n.k.i.DiagnosticsManager]: Total Physical memory: 3.56 GB
2015-06-02 09:39:53.142+0000 INFO  [o.n.k.i.DiagnosticsManager]: Free Physical memory: 1.31 GB
2015-06-02 09:39:53.143+0000 INFO  [o.n.k.i.DiagnosticsManager]: Committed virtual memory: 1.17 GB
2015-06-02 09:39:53.144+0000 INFO  [o.n.k.i.DiagnosticsManager]: Total swap space: 3.60 GB
2015-06-02 09:39:53.145+0000 INFO  [o.n.k.i.DiagnosticsManager]: Free swap space: 3.60 GB
2015-06-02 09:39:53.147+0000 INFO  [o.n.k.i.DiagnosticsManager]: JVM memory information:
2015-06-02 09:39:53.147+0000 INFO  [o.n.k.i.DiagnosticsManager]: Free  memory: 136.45 MB
2015-06-02 09:39:53.148+0000 INFO  [o.n.k.i.DiagnosticsManager]: Total memory: 158.25 MB
2015-06-02 09:39:53.148+0000 INFO  [o.n.k.i.DiagnosticsManager]: Max   memory: 810.75 MB
2015-06-02 09:39:53.148+0000 INFO  [o.n.k.i.DiagnosticsManager]: Garbage Collector: PS Scavenge: [PS Eden Space, PS Survivor Space]
2015-06-02 09:39:53.148+0000 INFO  [o.n.k.i.DiagnosticsManager]: Garbage Collector: PS MarkSweep: [PS Eden Space, PS Survivor Space, PS Old Gen, PS Perm Gen]
2015-06-02 09:39:53.150+0000 INFO  [o.n.k.i.DiagnosticsManager]: Memory Pool: Code Cache (Non-heap memory): committed=2.25 MB, used=1.61 MB, max=48.00 MB, threshold=0.00 B
2015-06-02 09:39:53.151+0000 INFO  [o.n.k.i.DiagnosticsManager]: Memory Pool: PS Eden Space (Heap memory): committed=113.00 MB, used=1.52 MB, max=286.00 MB, threshold=?
2015-06-02 09:39:53.152+0000 INFO  [o.n.k.i.DiagnosticsManager]: Memory Pool: PS Survivor Space (Heap memory): committed=7.25 MB, used=7.24 MB, max=7.25 MB, threshold=?
2015-06-02 09:39:53.153+0000 INFO  [o.n.k.i.DiagnosticsManager]: Memory Pool: PS Old Gen (Heap memory): committed=38.00 MB, used=13.03 MB, max=608.00 MB, threshold=0.00 B
2015-06-02 09:39:53.154+0000 INFO  [o.n.k.i.DiagnosticsManager]: Memory Pool: PS Perm Gen (Non-heap memory): committed=19.00 MB, used=18.88 MB, max=128.00 MB, threshold=0.00 B
2015-06-02 09:39:53.154+0000 INFO  [o.n.k.i.DiagnosticsManager]: Operating system information:
2015-06-02 09:39:53.155+0000 INFO  [o.n.k.i.DiagnosticsManager]: Operating System: Linux; version: 3.16.0-37-generic; arch: i386; cpus: 2
2015-06-02 09:39:53.156+0000 INFO  [o.n.k.i.DiagnosticsManager]: Max number of file descriptors: 4096
2015-06-02 09:39:53.156+0000 INFO  [o.n.k.i.DiagnosticsManager]: Number of open file descriptors: 92
2015-06-02 09:39:53.157+0000 INFO  [o.n.k.i.DiagnosticsManager]: Process id: 4552@vova-HP-Pavilion-dm1-Notebook-PC
2015-06-02 09:39:53.157+0000 INFO  [o.n.k.i.DiagnosticsManager]: Byte order: LITTLE_ENDIAN
2015-06-02 09:39:53.157+0000 INFO  [o.n.k.i.DiagnosticsManager]: Local timezone: Europe/Kiev
2015-06-02 09:39:53.157+0000 INFO  [o.n.k.i.DiagnosticsManager]: JVM information:
2015-06-02 09:39:53.158+0000 INFO  [o.n.k.i.DiagnosticsManager]: VM Name: OpenJDK Server VM
2015-06-02 09:39:53.158+0000 INFO  [o.n.k.i.DiagnosticsManager]: VM Vendor: Oracle Corporation
2015-06-02 09:39:53.158+0000 INFO  [o.n.k.i.DiagnosticsManager]: VM Version: 24.79-b02
2015-06-02 09:39:53.158+0000 INFO  [o.n.k.i.DiagnosticsManager]: JIT compiler: HotSpot Tiered Compilers
2015-06-02 09:39:53.158+0000 INFO  [o.n.k.i.DiagnosticsManager]: VM Arguments: [-Xdebug, -Xrunjdwp:transport=dt_socket,server=n,address=39263]
2015-06-02 09:39:53.158+0000 INFO  [o.n.k.i.DiagnosticsManager]: Java classpath:
2015-06-02 09:39:53.167+0000 INFO  [o.n.k.i.DiagnosticsManager]:  [classpath + loader.0] file:/home/vova/.m2/repository/org/apache/commons/commons-io/1.3.2/commons-io-1.3.2.jar
2015-06-02 09:39:53.168+0000 INFO  [o.n.k.i.DiagnosticsManager]:  [classpath + loader.0] file:/home/vova/.m2/repository/org/springframework/spring-aspects/4.1.6.RELEASE/spring-aspects-4.1.6.RELEASE.jar
2015-06-02 09:39:53.168+0000 INFO  [o.n.k.i.DiagnosticsManager]:  [classpath + loader.0] file:/home/vova/.m2/repository/org/springframework/boot/spring-boot-starter-logging/1.2.3.RELEASE/spring-boot-starter-logging-1.2.3.RELEASE.jar
2015-06-02 09:39:53.168+0000 INFO  [o.n.k.i.DiagnosticsManager]:  [classpath + loader.0] file:/home/vova/.m2/repository/org/springframework/spring-context/4.1.6.RELEASE/spring-context-4.1.6.RELEASE.jar
2015-06-02 09:39:53.168+0000 INFO  [o.n.k.i.DiagnosticsManager]:  [classpath + loader.0] file:/home/vova/.m2/repository/org/neo4j/neo4j-kernel/2.1.5/neo4j-kernel-2.1.5.jar
2015-06-02 09:39:53.168+0000 INFO  [o.n.k.i.DiagnosticsManager]:  [classpath + loader.0] file:/home/vova/.m2/repository/org/yaml/snakeyaml/1.14/snakeyaml-1.14.jar
2015-06-02 09:39:53.168+0000 INFO  [o.n.k.i.DiagnosticsManager]:  [bootstrap] /usr/lib/jvm/java-7-openjdk-i386/jre/classes
2015-06-02 09:39:53.168+0000 INFO  [o.n.k.i.DiagnosticsManager]:  [classpath + loader.0] file:/home/vova/.m2/repository/aopalliance/aopalliance/1.0/aopalliance-1.0.jar
2015-06-02 09:39:53.168+0000 INFO  [o.n.k.i.DiagnosticsManager]:  [classpath + loader.0] file:/home/vova/.m2/repository/org/bouncycastle/bcprov-jdk14/1.38/bcprov-jdk14-1.38.jar
2015-06-02 09:39:53.168+0000 INFO  [o.n.k.i.DiagnosticsManager]:  [loader.1] file:/usr/lib/jvm/java-7-openjdk-i386/jre/lib/ext/dnsns.jar
2015-06-02 09:39:53.168+0000 INFO  [o.n.k.i.DiagnosticsManager]:  [classpath + loader.0] file:/home/vova/.m2/repository/org/neo4j/neo4j-cypher/2.1.5/neo4j-cypher-2.1.5.jar
2015-06-02 09:39:53.168+0000 INFO  [o.n.k.i.DiagnosticsManager]:  [classpath + loader.0] file:/home/vova/.m2/repository/org/apache/tomcat/embed/tomcat-embed-core/8.0.20/tomcat-embed-core-8.0.20.jar
2015-06-02 09:39:53.168+0000 INFO  [o.n.k.i.DiagnosticsManager]:  [classpath + loader.0] file:/home/vova/.m2/repository/org/springframework/boot/spring-boot-starter-web/1.2.3.RELEASE/spring-boot-starter-web-1.2.3.RELEASE.jar
2015-06-02 09:39:53.168+0000 INFO  [o.n.k.i.DiagnosticsManager]:  [classpath + loader.0] file:/home/vova/.m2/repository/org/parboiled/parboiled-scala_2.10/1.1.6/parboiled-scala_2.10-1.1.6.jar
2015-06-02 09:39:53.169+0000 INFO  [o.n.k.i.DiagnosticsManager]:  [classpath + loader.0] file:/home/vova/.m2/repository/org/neo4j/neo4j-lucene-index/2.1.5/neo4j-lucene-index-2.1.5.jar
2015-06-02 09:39:53.169+0000 INFO  [o.n.k.i.DiagnosticsManager]:  [classpath + loader.0] file:/home/vova/.m2/repository/org/apache/tomcat/embed/tomcat-embed-logging-juli/8.0.20/tomcat-embed-logging-juli-8.0.20.jar
2015-06-02 09:39:53.169+0000 INFO  [o.n.k.i.DiagnosticsManager]:  [bootstrap] /usr/lib/jvm/java-7-openjdk-i386/jre/lib/jsse.jar
2015-06-02 09:39:53.169+0000 INFO  [o.n.k.i.DiagnosticsManager]:  [classpath + loader.0] file:/home/vova/.m2/repository/org/springframework/boot/spring-boot-starter-tomcat/1.2.3.RELEASE/spring-boot-starter-tomcat-1.2.3.RELEASE.jar
2015-06-02 09:39:53.169+0000 INFO  [o.n.k.i.DiagnosticsManager]:  [classpath + loader.0] file:/home/vova/.m2/repository/org/springframework/data/spring-data-rest-core/2.3.0.RELEASE/spring-data-rest-core-2.3.0.RELEASE.jar
2015-06-02 09:39:53.169+0000 INFO  [o.n.k.i.DiagnosticsManager]:  [classpath + loader.0] file:/home/vova/.m2/repository/javax/validation/validation-api/1.1.0.Final/validation-api-1.1.0.Final.jar
2015-06-02 09:39:53.169+0000 INFO  [o.n.k.i.DiagnosticsManager]:  [classpath + loader.0] file:/home/vova/.m2/repository/org/slf4j/log4j-over-slf4j/1.7.11/log4j-over-slf4j-1.7.11.jar
2015-06-02 09:39:53.169+0000 INFO  [o.n.k.i.DiagnosticsManager]:  [classpath + loader.0] file:/home/vova/.m2/repository/com/fasterxml/classmate/1.0.0/classmate-1.0.0.jar
2015-06-02 09:39:53.169+0000 INFO  [o.n.k.i.DiagnosticsManager]:  [classpath + loader.0] file:/home/vova/.m2/repository/org/slf4j/slf4j-api/1.7.11/slf4j-api-1.7.11.jar
2015-06-02 09:39:53.169+0000 INFO  [o.n.k.i.DiagnosticsManager]:  [classpath + loader.0] file:/home/vova/.m2/repository/org/neo4j/neo4j-graph-algo/2.1.5/neo4j-graph-algo-2.1.5.jar
2015-06-02 09:39:53.169+0000 INFO  [o.n.k.i.DiagnosticsManager]:  [classpath + loader.0] file:/home/vova/.m2/repository/com/lowagie/itext/2.1.7/itext-2.1.7.jar
2015-06-02 09:39:53.169+0000 INFO  [o.n.k.i.DiagnosticsManager]:  [classpath + loader.0] file:/home/vova/.m2/repository/org/apache/geronimo/specs/geronimo-jta_1.1_spec/1.1.1/geronimo-jta_1.1_spec-1.1.1.jar
2015-06-02 09:39:53.170+0000 INFO  [o.n.k.i.DiagnosticsManager]:  [bootstrap] /usr/lib/jvm/java-7-openjdk-i386/jre/lib/rt.jar
2015-06-02 09:39:53.170+0000 INFO  [o.n.k.i.DiagnosticsManager]:  [classpath + loader.0] file:/home/vova/.m2/repository/org/scala-lang/scala-library/2.10.4/scala-library-2.10.4.jar
2015-06-02 09:39:53.170+0000 INFO  [o.n.k.i.DiagnosticsManager]:  [classpath + loader.0] file:/home/vova/.m2/repository/org/objenesis/objenesis/2.1/objenesis-2.1.jar
2015-06-02 09:39:53.170+0000 INFO  [o.n.k.i.DiagnosticsManager]:  [classpath + loader.0] file:/home/vova/.m2/repository/org/springframework/spring-expression/4.1.6.RELEASE/spring-expression-4.1.6.RELEASE.jar
2015-06-02 09:39:53.170+0000 INFO  [o.n.k.i.DiagnosticsManager]:  [classpath + loader.0] file:/home/vova/.m2/repository/com/fasterxml/jackson/core/jackson-core/2.4.5/jackson-core-2.4.5.jar
2015-06-02 09:39:53.170+0000 INFO  [o.n.k.i.DiagnosticsManager]:  [classpath + loader.0] file:/home/vova/.m2/repository/org/codehaus/jackson/jackson-core-asl/1.9.7/jackson-core-asl-1.9.7.jar
2015-06-02 09:39:53.170+0000 INFO  [o.n.k.i.DiagnosticsManager]:  [classpath + loader.0] file:/home/vova/.m2/repository/org/apache/tomcat/embed/tomcat-embed-el/8.0.20/tomcat-embed-el-8.0.20.jar
2015-06-02 09:39:53.170+0000 INFO  [o.n.k.i.DiagnosticsManager]:  [classpath + loader.0] file:/home/vova/.m2/repository/org/neo4j/neo4j-jmx/2.1.5/neo4j-jmx-2.1.5.jar
2015-06-02 09:39:53.170+0000 INFO  [o.n.k.i.DiagnosticsManager]:  [classpath + loader.0] file:/home/vova/.m2/repository/org/aspectj/aspectjrt/1.8.5/aspectjrt-1.8.5.jar
2015-06-02 09:39:53.170+0000 INFO  [o.n.k.i.DiagnosticsManager]:  [bootstrap] /usr/lib/jvm/java-7-openjdk-i386/jre/lib/charsets.jar
2015-06-02 09:39:53.170+0000 INFO  [o.n.k.i.DiagnosticsManager]:  [classpath + loader.0] file:/home/vova/.m2/repository/org/neo4j/neo4j-cypher-commons/2.1.5/neo4j-cypher-commons-2.1.5.jar
2015-06-02 09:39:53.170+0000 INFO  [o.n.k.i.DiagnosticsManager]:  [loader.1] file:/usr/lib/jvm/java-7-openjdk-i386/jre/lib/ext/sunpkcs11.jar
2015-06-02 09:39:53.170+0000 INFO  [o.n.k.i.DiagnosticsManager]:  [classpath + loader.0] file:/home/vova/.m2/repository/org/hibernate/hibernate-validator/5.1.3.Final/hibernate-validator-5.1.3.Final.jar
2015-06-02 09:39:53.171+0000 INFO  [o.n.k.i.DiagnosticsManager]:  [classpath + loader.0] file:/home/vova/.m2/repository/org/springframework/boot/spring-boot/1.2.3.RELEASE/spring-boot-1.2.3.RELEASE.jar
2015-06-02 09:39:53.171+0000 INFO  [o.n.k.i.DiagnosticsManager]:  [bootstrap] /usr/lib/jvm/java-7-openjdk-i386/jre/lib/sunrsasign.jar
2015-06-02 09:39:53.171+0000 INFO  [o.n.k.i.DiagnosticsManager]:  [loader.1] file:/usr/lib/jvm/java-7-openjdk-i386/jre/lib/ext/zipfs.jar
2015-06-02 09:39:53.171+0000 INFO  [o.n.k.i.DiagnosticsManager]:  [classpath + loader.0] file:/home/vova/.m2/repository/org/neo4j/neo4j-cypher-compiler-2.0/2.0.3/neo4j-cypher-compiler-2.0-2.0.3.jar
2015-06-02 09:39:53.171+0000 INFO  [o.n.k.i.DiagnosticsManager]:  [classpath + loader.0] file:/home/vova/.m2/repository/org/apache/tomcat/embed/tomcat-embed-websocket/8.0.20/tomcat-embed-websocket-8.0.20.jar
2015-06-02 09:39:53.171+0000 INFO  [o.n.k.i.DiagnosticsManager]:  [classpath + loader.0] file:/home/vova/.m2/repository/org/bouncycastle/bcmail-jdk14/1.38/bcmail-jdk14-1.38.jar
2015-06-02 09:39:53.171+0000 INFO  [o.n.k.i.DiagnosticsManager]:  [classpath + loader.0] file:/home/vova/.m2/repository/bouncycastle/bcmail-jdk14/138/bcmail-jdk14-138.jar
2015-06-02 09:39:53.171+0000 INFO  [o.n.k.i.DiagnosticsManager]:  [classpath + loader.0] file:/home/vova/.m2/repository/org/neo4j/neo4j/2.1.5/neo4j-2.1.5.jar
2015-06-02 09:39:53.171+0000 INFO  [o.n.k.i.DiagnosticsManager]:  [classpath + loader.0] file:/home/vova/.m2/repository/org/springframework/spring-webmvc/4.1.6.RELEASE/spring-webmvc-4.1.6.RELEASE.jar
2015-06-02 09:39:53.171+0000 INFO  [o.n.k.i.DiagnosticsManager]:  [classpath + loader.0] file:/home/vova/.m2/repository/com/fasterxml/jackson/core/jackson-databind/2.4.5/jackson-databind-2.4.5.jar
2015-06-02 09:39:53.171+0000 INFO  [o.n.k.i.DiagnosticsManager]:  [classpath + loader.0] file:/home/vova/.m2/repository/org/parboiled/parboiled-core/1.1.6/parboiled-core-1.1.6.jar
2015-06-02 09:39:53.171+0000 INFO  [o.n.k.i.DiagnosticsManager]:  [classpath + loader.0] file:/home/vova/.m2/repository/org/springframework/spring-core/4.1.6.RELEASE/spring-core-4.1.6.RELEASE.jar
2015-06-02 09:39:53.171+0000 INFO  [o.n.k.i.DiagnosticsManager]:  [classpath + loader.0] file:/home/vova/.m2/repository/ch/qos/logback/logback-core/1.1.3/logback-core-1.1.3.jar
2015-06-02 09:39:53.172+0000 INFO  [o.n.k.i.DiagnosticsManager]:  [classpath + loader.0] file:/home/vova/.m2/repository/org/neo4j/neo4j-primitive-collections/2.1.5/neo4j-primitive-collections-2.1.5.jar
2015-06-02 09:39:53.172+0000 INFO  [o.n.k.i.DiagnosticsManager]:  [loader.1] file:/usr/lib/jvm/java-7-openjdk-i386/jre/lib/ext/sunjce_provider.jar
2015-06-02 09:39:53.172+0000 INFO  [o.n.k.i.DiagnosticsManager]:  [classpath + loader.0] file:/home/vova/.m2/repository/org/springframework/spring-tx/4.1.6.RELEASE/spring-tx-4.1.6.RELEASE.jar
2015-06-02 09:39:53.172+0000 INFO  [o.n.k.i.DiagnosticsManager]:  [classpath + loader.0] file:/home/vova/.m2/repository/org/neo4j/neo4j-graph-matching/2.1.5/neo4j-graph-matching-2.1.5.jar
2015-06-02 09:39:53.172+0000 INFO  [o.n.k.i.DiagnosticsManager]:  [classpath + loader.0] file:/home/vova/.m2/repository/org/springframework/spring-beans/4.1.6.RELEASE/spring-beans-4.1.6.RELEASE.jar
2015-06-02 09:39:53.172+0000 INFO  [o.n.k.i.DiagnosticsManager]:  [classpath + loader.0] file:/home/vova/.m2/repository/org/slf4j/jcl-over-slf4j/1.7.11/jcl-over-slf4j-1.7.11.jar
2015-06-02 09:39:53.172+0000 INFO  [o.n.k.i.DiagnosticsManager]:  [classpath + loader.0] file:/home/vova/.m2/repository/org/springframework/hateoas/spring-hateoas/0.16.0.RELEASE/spring-hateoas-0.16.0.RELEASE.jar
2015-06-02 09:39:53.172+0000 INFO  [o.n.k.i.DiagnosticsManager]:  [classpath + loader.0] file:/home/vova/.m2/repository/bouncycastle/bcprov-jdk14/138/bcprov-jdk14-138.jar
2015-06-02 09:39:53.172+0000 INFO  [o.n.k.i.DiagnosticsManager]:  [bootstrap] /usr/lib/jvm/java-7-openjdk-i386/jre/lib/jce.jar
2015-06-02 09:39:53.172+0000 INFO  [o.n.k.i.DiagnosticsManager]:  [classpath + loader.0] file:/home/vova/.m2/repository/org/atteo/evo-inflector/1.2.1/evo-inflector-1.2.1.jar
2015-06-02 09:39:53.172+0000 INFO  [o.n.k.i.DiagnosticsManager]:  [classpath + loader.0] file:/home/vova/.m2/repository/ch/qos/logback/logback-classic/1.1.3/logback-classic-1.1.3.jar
2015-06-02 09:39:53.172+0000 INFO  [o.n.k.i.DiagnosticsManager]:  [loader.1] file:/usr/lib/jvm/java-7-openjdk-i386/jre/lib/ext/localedata.jar
2015-06-02 09:39:53.172+0000 INFO  [o.n.k.i.DiagnosticsManager]:  [classpath + loader.0] file:/home/vova/NetBeansProjects/Neo4jProject/target/classes/
2015-06-02 09:39:53.173+0000 INFO  [o.n.k.i.DiagnosticsManager]:  [classpath + loader.0] file:/home/vova/.m2/repository/org/neo4j/neo4j-cypher-compiler-2.1/2.1.5/neo4j-cypher-compiler-2.1-2.1.5.jar
2015-06-02 09:39:53.173+0000 INFO  [o.n.k.i.DiagnosticsManager]:  [classpath + loader.0] file:/home/vova/.m2/repository/org/neo4j/neo4j-cypher-compiler-1.9/2.0.3/neo4j-cypher-compiler-1.9-2.0.3.jar
2015-06-02 09:39:53.173+0000 INFO  [o.n.k.i.DiagnosticsManager]:  [classpath + loader.0] file:/home/vova/.m2/repository/org/neo4j/neo4j-udc/2.1.5/neo4j-udc-2.1.5.jar
2015-06-02 09:39:53.173+0000 INFO  [o.n.k.i.DiagnosticsManager]:  [classpath + loader.0] file:/home/vova/.m2/repository/org/springframework/spring-aop/4.1.6.RELEASE/spring-aop-4.1.6.RELEASE.jar
2015-06-02 09:39:53.173+0000 INFO  [o.n.k.i.DiagnosticsManager]:  [classpath + loader.0] file:/home/vova/.m2/repository/org/springframework/boot/spring-boot-autoconfigure/1.2.3.RELEASE/spring-boot-autoconfigure-1.2.3.RELEASE.jar
2015-06-02 09:39:53.173+0000 INFO  [o.n.k.i.DiagnosticsManager]:  [classpath + loader.0] file:/home/vova/.m2/repository/org/springframework/data/spring-data-commons/1.9.2.RELEASE/spring-data-commons-1.9.2.RELEASE.jar
2015-06-02 09:39:53.173+0000 INFO  [o.n.k.i.DiagnosticsManager]:  [bootstrap] /usr/lib/jvm/java-7-openjdk-i386/jre/lib/resources.jar
2015-06-02 09:39:53.173+0000 INFO  [o.n.k.i.DiagnosticsManager]:  [loader.1] file:/usr/lib/jvm/java-7-openjdk-i386/jre/lib/ext/java-atk-wrapper.jar
2015-06-02 09:39:53.173+0000 INFO  [o.n.k.i.DiagnosticsManager]:  [classpath + loader.0] file:/home/vova/.m2/repository/org/jboss/logging/jboss-logging/3.1.3.GA/jboss-logging-3.1.3.GA.jar
2015-06-02 09:39:53.173+0000 INFO  [o.n.k.i.DiagnosticsManager]:  [classpath + loader.0] file:/home/vova/.m2/repository/org/apache/lucene/lucene-core/3.6.2/lucene-core-3.6.2.jar
2015-06-02 09:39:53.173+0000 INFO  [o.n.k.i.DiagnosticsManager]:  [loader.1] file:/usr/lib/jvm/java-7-openjdk-i386/jre/lib/ext/libatk-wrapper.so
2015-06-02 09:39:53.173+0000 INFO  [o.n.k.i.DiagnosticsManager]:  [bootstrap] /usr/lib/jvm/java-7-openjdk-i386/jre/lib/rhino.jar
2015-06-02 09:39:53.174+0000 INFO  [o.n.k.i.DiagnosticsManager]:  [classpath + loader.0] file:/home/vova/.m2/repository/javax/el/javax.el-api/2.2.4/javax.el-api-2.2.4.jar
2015-06-02 09:39:53.174+0000 INFO  [o.n.k.i.DiagnosticsManager]:  [bootstrap] /usr/lib/jvm/java-7-openjdk-i386/jre/lib/jfr.jar
2015-06-02 09:39:53.174+0000 INFO  [o.n.k.i.DiagnosticsManager]:  [classpath + loader.0] file:/home/vova/.m2/repository/org/aspectj/aspectjweaver/1.8.5/aspectjweaver-1.8.5.jar
2015-06-02 09:39:53.174+0000 INFO  [o.n.k.i.DiagnosticsManager]:  [classpath + loader.0] file:/home/vova/.m2/repository/org/slf4j/jul-to-slf4j/1.7.11/jul-to-slf4j-1.7.11.jar
2015-06-02 09:39:53.174+0000 INFO  [o.n.k.i.DiagnosticsManager]:  [loader.1] file:/usr/lib/jvm/java-7-openjdk-i386/jre/lib/ext/icedtea-sound.jar
2015-06-02 09:39:53.174+0000 INFO  [o.n.k.i.DiagnosticsManager]:  [classpath + loader.0] file:/home/vova/.m2/repository/org/neo4j/neo4j-cypher-dsl/2.0.1/neo4j-cypher-dsl-2.0.1.jar
2015-06-02 09:39:53.174+0000 INFO  [o.n.k.i.DiagnosticsManager]:  [classpath + loader.0] file:/home/vova/.m2/repository/net/sf/opencsv/opencsv/2.0/opencsv-2.0.jar
2015-06-02 09:39:53.174+0000 INFO  [o.n.k.i.DiagnosticsManager]:  [classpath + loader.0] file:/home/vova/.m2/repository/com/fasterxml/jackson/core/jackson-annotations/2.4.5/jackson-annotations-2.4.5.jar
2015-06-02 09:39:53.174+0000 INFO  [o.n.k.i.DiagnosticsManager]:  [classpath + loader.0] file:/home/vova/.m2/repository/com/googlecode/concurrentlinkedhashmap/concurrentlinkedhashmap-lru/1.3.1/concurrentlinkedhashmap-lru-1.3.1.jar
2015-06-02 09:39:53.174+0000 INFO  [o.n.k.i.DiagnosticsManager]:  [classpath + loader.0] file:/home/vova/.m2/repository/org/springframework/data/spring-data-neo4j/3.2.2.RELEASE/spring-data-neo4j-3.2.2.RELEASE.jar
2015-06-02 09:39:53.174+0000 INFO  [o.n.k.i.DiagnosticsManager]:  [classpath + loader.0] file:/home/vova/.m2/repository/org/springframework/spring-web/4.1.6.RELEASE/spring-web-4.1.6.RELEASE.jar
2015-06-02 09:39:53.174+0000 INFO  [o.n.k.i.DiagnosticsManager]:  [classpath + loader.0] file:/home/vova/.m2/repository/org/springframework/plugin/spring-plugin-core/1.1.0.RELEASE/spring-plugin-core-1.1.0.RELEASE.jar
2015-06-02 09:39:53.174+0000 INFO  [o.n.k.i.DiagnosticsManager]:  [classpath + loader.0] file:/home/vova/.m2/repository/org/bouncycastle/bctsp-jdk14/1.38/bctsp-jdk14-1.38.jar
2015-06-02 09:39:53.175+0000 INFO  [o.n.k.i.DiagnosticsManager]:  [classpath + loader.0] file:/home/vova/.m2/repository/org/springframework/boot/spring-boot-starter/1.2.3.RELEASE/spring-boot-starter-1.2.3.RELEASE.jar
2015-06-02 09:39:53.175+0000 INFO  [o.n.k.i.DiagnosticsManager]: Library path:
2015-06-02 09:39:53.175+0000 INFO  [o.n.k.i.DiagnosticsManager]: /usr/lib/jvm/java-7-openjdk-i386/jre/lib/amd64
2015-06-02 09:39:53.175+0000 INFO  [o.n.k.i.DiagnosticsManager]: /usr/lib/jvm/java-7-openjdk-i386/jre/lib/i386
2015-06-02 09:39:53.175+0000 INFO  [o.n.k.i.DiagnosticsManager]: /home/vova/NetBeansProjects/Neo4jProject
2015-06-02 09:39:53.176+0000 INFO  [o.n.k.i.DiagnosticsManager]: /usr/java/packages/lib/i386
2015-06-02 09:39:53.176+0000 INFO  [o.n.k.i.DiagnosticsManager]: /usr/lib/i386-linux-gnu/jni
2015-06-02 09:39:53.176+0000 INFO  [o.n.k.i.DiagnosticsManager]: /lib/i386-linux-gnu
2015-06-02 09:39:53.176+0000 INFO  [o.n.k.i.DiagnosticsManager]: /usr/lib/i386-linux-gnu
2015-06-02 09:39:53.176+0000 INFO  [o.n.k.i.DiagnosticsManager]: /usr/lib/jni
2015-06-02 09:39:53.176+0000 INFO  [o.n.k.i.DiagnosticsManager]: /lib
2015-06-02 09:39:53.177+0000 INFO  [o.n.k.i.DiagnosticsManager]: /usr/lib
2015-06-02 09:39:53.177+0000 INFO  [o.n.k.i.DiagnosticsManager]: System.properties:
2015-06-02 09:39:53.177+0000 INFO  [o.n.k.i.DiagnosticsManager]: sun.boot.library.path = /usr/lib/jvm/java-7-openjdk-i386/jre/lib/i386
2015-06-02 09:39:53.177+0000 INFO  [o.n.k.i.DiagnosticsManager]: path.separator = :
2015-06-02 09:39:53.177+0000 INFO  [o.n.k.i.DiagnosticsManager]: file.encoding.pkg = sun.io
2015-06-02 09:39:53.177+0000 INFO  [o.n.k.i.DiagnosticsManager]: user.country = US
2015-06-02 09:39:53.178+0000 INFO  [o.n.k.i.DiagnosticsManager]: sun.java.launcher = SUN_STANDARD
2015-06-02 09:39:53.178+0000 INFO  [o.n.k.i.DiagnosticsManager]: sun.os.patch.level = unknown
2015-06-02 09:39:53.178+0000 INFO  [o.n.k.i.DiagnosticsManager]: PID = 4552
2015-06-02 09:39:53.178+0000 INFO  [o.n.k.i.DiagnosticsManager]: user.dir = /home/vova/NetBeansProjects/Neo4jProject
2015-06-02 09:39:53.178+0000 INFO  [o.n.k.i.DiagnosticsManager]: org.jboss.logging.provider = slf4j
2015-06-02 09:39:53.178+0000 INFO  [o.n.k.i.DiagnosticsManager]: sun.jnu.encoding = UTF-8
2015-06-02 09:39:53.178+0000 INFO  [o.n.k.i.DiagnosticsManager]: sun.management.compiler = HotSpot Tiered Compilers
2015-06-02 09:39:53.178+0000 INFO  [o.n.k.i.DiagnosticsManager]: user.home = /home/vova
2015-06-02 09:39:53.178+0000 INFO  [o.n.k.i.DiagnosticsManager]: catalina.useNaming = false
2015-06-02 09:39:53.178+0000 INFO  [o.n.k.i.DiagnosticsManager]: user.timezone = Europe/Kiev
2015-06-02 09:39:53.178+0000 INFO  [o.n.k.i.DiagnosticsManager]: file.encoding = UTF-8
2015-06-02 09:39:53.178+0000 INFO  [o.n.k.i.DiagnosticsManager]: catalina.home = /tmp/tomcat.3259693183807124838.8090
2015-06-02 09:39:53.179+0000 INFO  [o.n.k.i.DiagnosticsManager]: user.name = vova
2015-06-02 09:39:53.179+0000 INFO  [o.n.k.i.DiagnosticsManager]: sun.java.command = hello.Application
2015-06-02 09:39:53.179+0000 INFO  [o.n.k.i.DiagnosticsManager]: sun.arch.data.model = 32
2015-06-02 09:39:53.179+0000 INFO  [o.n.k.i.DiagnosticsManager]: user.language = en
2015-06-02 09:39:53.179+0000 INFO  [o.n.k.i.DiagnosticsManager]: awt.toolkit = sun.awt.X11.XToolkit
2015-06-02 09:39:53.179+0000 INFO  [o.n.k.i.DiagnosticsManager]: catalina.base = /tmp/tomcat.3259693183807124838.8090
2015-06-02 09:39:53.179+0000 INFO  [o.n.k.i.DiagnosticsManager]: file.separator = /
2015-06-02 09:39:53.179+0000 INFO  [o.n.k.i.DiagnosticsManager]: sun.io.unicode.encoding = UnicodeLittle
2015-06-02 09:39:53.179+0000 INFO  [o.n.k.i.DiagnosticsManager]: sun.cpu.endian = little
2015-06-02 09:39:53.179+0000 INFO  [o.n.k.i.DiagnosticsManager]: sun.desktop = gnome
2015-06-02 09:39:53.179+0000 INFO  [o.n.k.i.DiagnosticsManager]: sun.cpu.isalist = 
2015-06-02 09:39:53.179+0000 INFO  [o.n.k.i.DiagnosticsManager]: Linux scheduler information:
2015-06-02 09:39:53.184+0000 INFO  [o.n.k.i.DiagnosticsManager]: noop [deadline] cfq 
2015-06-02 09:39:53.185+0000 INFO  [o.n.k.i.DiagnosticsManager]: none
2015-06-02 09:39:53.185+0000 INFO  [o.n.k.i.DiagnosticsManager]: none
2015-06-02 09:39:53.185+0000 INFO  [o.n.k.i.DiagnosticsManager]: none
2015-06-02 09:39:53.186+0000 INFO  [o.n.k.i.DiagnosticsManager]: none
2015-06-02 09:39:53.186+0000 INFO  [o.n.k.i.DiagnosticsManager]: none
2015-06-02 09:39:53.186+0000 INFO  [o.n.k.i.DiagnosticsManager]: none
2015-06-02 09:39:53.186+0000 INFO  [o.n.k.i.DiagnosticsManager]: none
2015-06-02 09:39:53.187+0000 INFO  [o.n.k.i.DiagnosticsManager]: none
2015-06-02 09:39:53.187+0000 INFO  [o.n.k.i.DiagnosticsManager]: none
2015-06-02 09:39:53.187+0000 INFO  [o.n.k.i.DiagnosticsManager]: none
2015-06-02 09:39:53.188+0000 INFO  [o.n.k.i.DiagnosticsManager]: none
2015-06-02 09:39:53.188+0000 INFO  [o.n.k.i.DiagnosticsManager]: none
2015-06-02 09:39:53.188+0000 INFO  [o.n.k.i.DiagnosticsManager]: none
2015-06-02 09:39:53.189+0000 INFO  [o.n.k.i.DiagnosticsManager]: none
2015-06-02 09:39:53.189+0000 INFO  [o.n.k.i.DiagnosticsManager]: none
2015-06-02 09:39:53.189+0000 INFO  [o.n.k.i.DiagnosticsManager]: none
2015-06-02 09:39:53.190+0000 INFO  [o.n.k.i.DiagnosticsManager]: none
2015-06-02 09:39:53.190+0000 INFO  [o.n.k.i.DiagnosticsManager]: none
2015-06-02 09:39:53.190+0000 INFO  [o.n.k.i.DiagnosticsManager]: none
2015-06-02 09:39:53.191+0000 INFO  [o.n.k.i.DiagnosticsManager]: none
2015-06-02 09:39:53.191+0000 INFO  [o.n.k.i.DiagnosticsManager]: none
2015-06-02 09:39:53.191+0000 INFO  [o.n.k.i.DiagnosticsManager]: none
2015-06-02 09:39:53.192+0000 INFO  [o.n.k.i.DiagnosticsManager]: none
2015-06-02 09:39:53.192+0000 INFO  [o.n.k.i.DiagnosticsManager]: none
2015-06-02 09:39:53.192+0000 INFO  [o.n.k.i.DiagnosticsManager]: Network information:
2015-06-02 09:39:53.193+0000 INFO  [o.n.k.i.DiagnosticsManager]: Interface wlan0:
2015-06-02 09:39:53.194+0000 INFO  [o.n.k.i.DiagnosticsManager]:     address: 10.14.8.223
2015-06-02 09:39:53.195+0000 INFO  [o.n.k.i.DiagnosticsManager]: Interface lo:
2015-06-02 09:39:53.195+0000 INFO  [o.n.k.i.DiagnosticsManager]:     address: 127.0.0.1
2015-06-02 09:39:53.195+0000 INFO  [o.n.k.i.DiagnosticsManager]: --- INITIALIZED diagnostics END ---
2015-06-02 09:39:53.433+0000 INFO  [o.n.k.i.n.s.StoreFactory]: Creating new db @ accessingdataneo4j.db/neostore
2015-06-02 09:39:54.683+0000 INFO  [o.n.k.i.n.s.StoreFactory]: [accessingdataneo4j.db/neostore.relationshiptypestore.db.names] brickCount=0 brickSize=0b mappedMem=0b (storeSize=38b)
2015-06-02 09:39:54.688+0000 INFO  [o.n.k.i.n.s.StoreFactory]: [accessingdataneo4j.db/neostore.relationshiptypestore.db] brickCount=0 brickSize=0b mappedMem=0b (storeSize=0b)
2015-06-02 09:39:54.734+0000 INFO  [o.n.k.i.n.s.StoreFactory]: accessingdataneo4j.db/neostore.relationshiptypestore.db.names hit=0 miss=0 switches=0 ooe=0
2015-06-02 09:39:54.802+0000 INFO  [o.n.k.i.n.s.StoreFactory]: accessingdataneo4j.db/neostore.relationshiptypestore.db hit=0 miss=0 switches=0 ooe=0
2015-06-02 09:39:55.119+0000 INFO  [o.n.k.i.n.s.StoreFactory]: [accessingdataneo4j.db/neostore.labeltokenstore.db.names] brickCount=0 brickSize=0b mappedMem=0b (storeSize=38b)
2015-06-02 09:39:55.125+0000 INFO  [o.n.k.i.n.s.StoreFactory]: [accessingdataneo4j.db/neostore.labeltokenstore.db] brickCount=0 brickSize=0b mappedMem=0b (storeSize=0b)
2015-06-02 09:39:55.158+0000 INFO  [o.n.k.i.n.s.StoreFactory]: accessingdataneo4j.db/neostore.labeltokenstore.db.names hit=0 miss=0 switches=0 ooe=0
2015-06-02 09:39:55.224+0000 INFO  [o.n.k.i.n.s.StoreFactory]: accessingdataneo4j.db/neostore.labeltokenstore.db hit=0 miss=0 switches=0 ooe=0
2015-06-02 09:39:55.532+0000 INFO  [o.n.k.i.n.s.StoreFactory]: [accessingdataneo4j.db/neostore.relationshiptypestore.db.names] brickCount=0 brickSize=0b mappedMem=0b (storeSize=38b)
2015-06-02 09:39:55.534+0000 INFO  [o.n.k.i.n.s.StoreFactory]: [accessingdataneo4j.db/neostore.relationshiptypestore.db] brickCount=0 brickSize=0b mappedMem=0b (storeSize=0b)
2015-06-02 09:39:55.536+0000 INFO  [o.n.k.i.n.s.StoreFactory]: [accessingdataneo4j.db/neostore.labeltokenstore.db.names] brickCount=0 brickSize=0b mappedMem=0b (storeSize=38b)
2015-06-02 09:39:55.538+0000 INFO  [o.n.k.i.n.s.StoreFactory]: [accessingdataneo4j.db/neostore.labeltokenstore.db] brickCount=0 brickSize=0b mappedMem=0b (storeSize=0b)
2015-06-02 09:39:55.540+0000 INFO  [o.n.k.i.n.s.StoreFactory]: [accessingdataneo4j.db/neostore.propertystore.db.strings] brickCount=0 brickSize=262144b mappedMem=262144000b (storeSize=128b)
2015-06-02 09:39:55.541+0000 INFO  [o.n.k.i.n.s.StoreFactory]: [accessingdataneo4j.db/neostore.propertystore.db.index.keys] brickCount=0 brickSize=0b mappedMem=0b (storeSize=38b)
2015-06-02 09:39:55.543+0000 INFO  [o.n.k.i.n.s.StoreFactory]: [accessingdataneo4j.db/neostore.propertystore.db.index] brickCount=0 brickSize=0b mappedMem=0b (storeSize=0b)
2015-06-02 09:39:55.545+0000 INFO  [o.n.k.i.n.s.StoreFactory]: [accessingdataneo4j.db/neostore.propertystore.db.arrays] brickCount=0 brickSize=297728b mappedMem=297795584b (storeSize=128b)
2015-06-02 09:39:55.553+0000 INFO  [o.n.k.i.n.s.StoreFactory]: [accessingdataneo4j.db/neostore.propertystore.db] brickCount=0 brickSize=3093286b mappedMem=309329920b (storeSize=0b)
2015-06-02 09:39:55.562+0000 INFO  [o.n.k.i.n.s.StoreFactory]: [accessingdataneo4j.db/neostore.relationshipstore.db] brickCount=0 brickSize=3785356b mappedMem=378535936b (storeSize=0b)
2015-06-02 09:39:55.563+0000 INFO  [o.n.k.i.n.s.StoreFactory]: [accessingdataneo4j.db/neostore.nodestore.db.labels] brickCount=0 brickSize=0b mappedMem=0b (storeSize=68b)
2015-06-02 09:39:55.569+0000 INFO  [o.n.k.i.n.s.StoreFactory]: [accessingdataneo4j.db/neostore.nodestore.db] brickCount=0 brickSize=849345b mappedMem=84934656b (storeSize=0b)
2015-06-02 09:39:55.570+0000 INFO  [o.n.k.i.n.s.StoreFactory]: [accessingdataneo4j.db/neostore.schemastore.db] brickCount=0 brickSize=0b mappedMem=0b (storeSize=64b)
2015-06-02 09:39:55.576+0000 INFO  [o.n.k.i.n.s.StoreFactory]: [accessingdataneo4j.db/neostore.relationshipgroupstore.db] brickCount=0 brickSize=0b mappedMem=0b (storeSize=25b)
2015-06-02 09:39:55.578+0000 INFO  [o.n.k.i.n.s.StoreFactory]: [accessingdataneo4j.db/neostore] brickCount=0 brickSize=0b mappedMem=0b (storeSize=0b)
2015-06-02 09:39:55.682+0000 INFO  [o.n.k.i.n.s.StoreFactory]: accessingdataneo4j.db/neostore.relationshiptypestore.db.names hit=0 miss=0 switches=0 ooe=0
2015-06-02 09:39:55.759+0000 INFO  [o.n.k.i.n.s.StoreFactory]: accessingdataneo4j.db/neostore.relationshiptypestore.db hit=0 miss=0 switches=0 ooe=0
2015-06-02 09:39:55.849+0000 INFO  [o.n.k.i.n.s.StoreFactory]: accessingdataneo4j.db/neostore.labeltokenstore.db.names hit=0 miss=0 switches=0 ooe=0
2015-06-02 09:39:55.927+0000 INFO  [o.n.k.i.n.s.StoreFactory]: accessingdataneo4j.db/neostore.labeltokenstore.db hit=0 miss=0 switches=0 ooe=0
2015-06-02 09:39:56.005+0000 INFO  [o.n.k.i.n.s.StoreFactory]: accessingdataneo4j.db/neostore.propertystore.db.strings hit=0 miss=0 switches=0 ooe=0
2015-06-02 09:39:56.082+0000 INFO  [o.n.k.i.n.s.StoreFactory]: accessingdataneo4j.db/neostore.propertystore.db.index.keys hit=0 miss=0 switches=0 ooe=0
2015-06-02 09:39:56.149+0000 INFO  [o.n.k.i.n.s.StoreFactory]: accessingdataneo4j.db/neostore.propertystore.db.index hit=0 miss=0 switches=0 ooe=0
2015-06-02 09:39:56.227+0000 INFO  [o.n.k.i.n.s.StoreFactory]: accessingdataneo4j.db/neostore.propertystore.db.arrays hit=0 miss=0 switches=0 ooe=0
2015-06-02 09:39:56.316+0000 INFO  [o.n.k.i.n.s.StoreFactory]: accessingdataneo4j.db/neostore.propertystore.db hit=0 miss=0 switches=0 ooe=0
2015-06-02 09:39:56.405+0000 INFO  [o.n.k.i.n.s.StoreFactory]: accessingdataneo4j.db/neostore.relationshipstore.db hit=0 miss=0 switches=0 ooe=0
2015-06-02 09:39:56.472+0000 INFO  [o.n.k.i.n.s.StoreFactory]: accessingdataneo4j.db/neostore.nodestore.db.labels hit=0 miss=0 switches=0 ooe=0
2015-06-02 09:39:56.550+0000 INFO  [o.n.k.i.n.s.StoreFactory]: accessingdataneo4j.db/neostore.nodestore.db hit=0 miss=0 switches=0 ooe=0
2015-06-02 09:39:56.639+0000 INFO  [o.n.k.i.n.s.StoreFactory]: accessingdataneo4j.db/neostore.schemastore.db hit=0 miss=0 switches=0 ooe=0
2015-06-02 09:39:56.717+0000 INFO  [o.n.k.i.n.s.StoreFactory]: accessingdataneo4j.db/neostore.relationshipgroupstore.db hit=0 miss=0 switches=0 ooe=0
2015-06-02 09:39:56.827+0000 INFO  [o.n.k.i.n.s.StoreFactory]: accessingdataneo4j.db/neostore hit=0 miss=10 switches=0 ooe=0
2015-06-02 09:39:56.935+0000 INFO  [o.n.k.i.n.s.StoreFactory]: [accessingdataneo4j.db/neostore.relationshiptypestore.db.names] brickCount=0 brickSize=0b mappedMem=0b (storeSize=38b)
2015-06-02 09:39:56.937+0000 INFO  [o.n.k.i.n.s.StoreFactory]: [accessingdataneo4j.db/neostore.relationshiptypestore.db] brickCount=0 brickSize=0b mappedMem=0b (storeSize=0b)
2015-06-02 09:39:56.943+0000 INFO  [o.n.k.i.n.s.StoreFactory]: [accessingdataneo4j.db/neostore.labeltokenstore.db.names] brickCount=0 brickSize=0b mappedMem=0b (storeSize=38b)
2015-06-02 09:39:56.947+0000 INFO  [o.n.k.i.n.s.StoreFactory]: [accessingdataneo4j.db/neostore.labeltokenstore.db] brickCount=0 brickSize=0b mappedMem=0b (storeSize=0b)
2015-06-02 09:39:56.949+0000 INFO  [o.n.k.i.n.s.StoreFactory]: [accessingdataneo4j.db/neostore.propertystore.db.strings] brickCount=0 brickSize=262144b mappedMem=262144000b (storeSize=128b)
2015-06-02 09:39:56.950+0000 INFO  [o.n.k.i.n.s.StoreFactory]: [accessingdataneo4j.db/neostore.propertystore.db.index.keys] brickCount=0 brickSize=0b mappedMem=0b (storeSize=38b)
2015-06-02 09:39:56.951+0000 INFO  [o.n.k.i.n.s.StoreFactory]: [accessingdataneo4j.db/neostore.propertystore.db.index] brickCount=0 brickSize=0b mappedMem=0b (storeSize=0b)
2015-06-02 09:39:56.954+0000 INFO  [o.n.k.i.n.s.StoreFactory]: [accessingdataneo4j.db/neostore.propertystore.db.arrays] brickCount=0 brickSize=297728b mappedMem=297795584b (storeSize=128b)
2015-06-02 09:39:56.955+0000 INFO  [o.n.k.i.n.s.StoreFactory]: [accessingdataneo4j.db/neostore.propertystore.db] brickCount=0 brickSize=3093286b mappedMem=309329920b (storeSize=0b)
2015-06-02 09:39:56.956+0000 INFO  [o.n.k.i.n.s.StoreFactory]: [accessingdataneo4j.db/neostore.relationshipstore.db] brickCount=0 brickSize=3785356b mappedMem=378535936b (storeSize=0b)
2015-06-02 09:39:56.958+0000 INFO  [o.n.k.i.n.s.StoreFactory]: [accessingdataneo4j.db/neostore.nodestore.db.labels] brickCount=0 brickSize=0b mappedMem=0b (storeSize=68b)
2015-06-02 09:39:56.958+0000 INFO  [o.n.k.i.n.s.StoreFactory]: [accessingdataneo4j.db/neostore.nodestore.db] brickCount=0 brickSize=849345b mappedMem=84934656b (storeSize=0b)
2015-06-02 09:39:56.960+0000 INFO  [o.n.k.i.n.s.StoreFactory]: [accessingdataneo4j.db/neostore.schemastore.db] brickCount=0 brickSize=0b mappedMem=0b (storeSize=64b)
2015-06-02 09:39:56.961+0000 INFO  [o.n.k.i.n.s.StoreFactory]: [accessingdataneo4j.db/neostore.relationshipgroupstore.db] brickCount=0 brickSize=0b mappedMem=0b (storeSize=25b)
2015-06-02 09:39:56.962+0000 INFO  [o.n.k.i.n.s.StoreFactory]: [accessingdataneo4j.db/neostore] brickCount=0 brickSize=0b mappedMem=0b (storeSize=81b)
2015-06-02 09:39:57.277+0000 INFO  [o.n.k.a.i.i.LuceneLabelScanStore]: No lucene scan store index found, this might just be first use. Preparing to rebuild.
2015-06-02 09:39:57.360+0000 INFO  [o.n.k.a.i.i.LuceneLabelScanStore]: No lucene scan store index found, this might just be first use. Preparing to rebuild.
2015-06-02 09:39:57.665+0000 INFO  [o.n.k.i.t.x.XaLogicalLog]: Opened logical log [accessingdataneo4j.db/nioneo_logical.log.1] version=0, lastTxId=1 (clean)
2015-06-02 09:39:57.769+0000 INFO  [o.n.k.a.i.i.LuceneLabelScanStore]: Rebuilding lucene scan store, this may take a while
2015-06-02 09:39:57.776+0000 INFO  [o.n.k.a.i.i.LuceneLabelScanStore]: Lucene scan store rebuilt (roughly -1 nodes)
2015-06-02 09:39:57.790+0000 INFO  [o.n.k.i.t.TxManager]: TM new log: tm_tx_log.1
2015-06-02 09:39:57.860+0000 INFO  [o.n.k.i.t.KernelHealth]: Kernel health set to OK
2015-06-02 09:39:57.908+0000 INFO  [o.n.k.i.t.x.XaLogicalLog]: Opened logical log [accessingdataneo4j.db/index/lucene.log.1] version=0, lastTxId=1 (clean)
2015-06-02 09:39:57.969+0000 INFO  [o.n.k.i.DiagnosticsManager]: --- STARTED diagnostics for KernelDiagnostics:Versions START ---
2015-06-02 09:39:57.969+0000 INFO  [o.n.k.i.DiagnosticsManager]: Graph Database: org.neo4j.kernel.EmbeddedGraphDatabase StoreId{creationTime=1433237993449, randomId=5053013046716556634, storeVersion=14406081294923270, upgradeTime=1433237993449, upgradeId=5053013046716556634}
2015-06-02 09:39:57.969+0000 INFO  [o.n.k.i.DiagnosticsManager]: Kernel version: Neo4j - Graph Database Kernel (neo4j-kernel), version: 2.1.5
2015-06-02 09:39:57.969+0000 INFO  [o.n.k.i.DiagnosticsManager]: Neo4j component versions:
2015-06-02 09:39:57.982+0000 INFO  [o.n.k.i.DiagnosticsManager]:   Neo4j - JMX support (neo4j-jmx), version: 2.1.5; revision: 2.1.5:2.1-maint:529/45c3cc04946c2b0e243e48c8252e40cb85931744
2015-06-02 09:39:57.982+0000 INFO  [o.n.k.i.DiagnosticsManager]:   Neo4j - Lucene Index (neo4j-lucene-index), version: 2.1.5; revision: 2.1.5:2.1-maint:529/45c3cc04946c2b0e243e48c8252e40cb85931744
2015-06-02 09:39:57.983+0000 INFO  [o.n.k.i.DiagnosticsManager]:   Neo4j - Graph Matching (neo4j-graph-matching), version: 2.1.5; revision: 2.1.5:2.1-maint:529/45c3cc04946c2b0e243e48c8252e40cb85931744
2015-06-02 09:39:57.983+0000 INFO  [o.n.k.i.DiagnosticsManager]:   Neo4j - Cypher (neo4j-cypher), version: 2.1.5; revision: 2.1.5:2.1-maint:529/45c3cc04946c2b0e243e48c8252e40cb85931744
2015-06-02 09:39:57.983+0000 INFO  [o.n.k.i.DiagnosticsManager]:   Neo4j - Graph Database Kernel (neo4j-kernel), version: 2.1.5; revision: 2.1.5:2.1-maint:529/45c3cc04946c2b0e243e48c8252e40cb85931744
2015-06-02 09:39:57.983+0000 INFO  [o.n.k.i.DiagnosticsManager]:   Neo4j - Cypher Compiler 2.0 (neo4j-cypher-compiler-2.0), version: 2.0.3; revision: 2.0.3:2.0-maint:72/307c563c11b75fdc71cfa6df05daf9b08d6c37dc
2015-06-02 09:39:57.983+0000 INFO  [o.n.k.i.DiagnosticsManager]:   Neo4j - Graph Algorithms (neo4j-graph-algo), version: 2.1.5; revision: 2.1.5:2.1-maint:529/45c3cc04946c2b0e243e48c8252e40cb85931744
2015-06-02 09:39:57.983+0000 INFO  [o.n.k.i.DiagnosticsManager]:   Neo4j Community (neo4j), version: 2.1.5; revision: 2.1.5:2.1-maint:529/45c3cc04946c2b0e243e48c8252e40cb85931744
2015-06-02 09:39:57.983+0000 INFO  [o.n.k.i.DiagnosticsManager]:   Neo4j - Cypher Compiler 1.9 (neo4j-cypher-compiler-1.9), version: 2.0.3; revision: 2.0.3:2.0-maint:72/307c563c11b75fdc71cfa6df05daf9b08d6c37dc
2015-06-02 09:39:57.983+0000 INFO  [o.n.k.i.DiagnosticsManager]:   neo4j-udc, version: 2.1.5; revision: 2.1.5:2.1-maint:529/45c3cc04946c2b0e243e48c8252e40cb85931744
2015-06-02 09:39:57.983+0000 INFO  [o.n.k.i.DiagnosticsManager]:   Neo4j - Cypher Commons (neo4j-cypher-commons), version: 2.1.5; revision: 2.1.5:2.1-maint:529/45c3cc04946c2b0e243e48c8252e40cb85931744
2015-06-02 09:39:57.984+0000 INFO  [o.n.k.i.DiagnosticsManager]: --- STARTED diagnostics for KernelDiagnostics:Versions END ---
2015-06-02 09:39:57.996+0000 INFO  [o.n.k.i.DiagnosticsManager]: --- STARTED diagnostics for NEO_STORE_VERSIONS START ---
2015-06-02 09:39:57.998+0000 INFO  [o.n.k.i.DiagnosticsManager]: Store versions:
2015-06-02 09:39:57.999+0000 INFO  [o.n.k.i.DiagnosticsManager]: Store versions:
2015-06-02 09:39:57.999+0000 INFO  [o.n.k.i.DiagnosticsManager]:   NeoStore v0.A.3
2015-06-02 09:39:57.999+0000 INFO  [o.n.k.i.DiagnosticsManager]:   SchemaStore v0.A.3
2015-06-02 09:39:57.999+0000 INFO  [o.n.k.i.DiagnosticsManager]:   NodeStore v0.A.3
2015-06-02 09:39:57.999+0000 INFO  [o.n.k.i.DiagnosticsManager]:   RelationshipStore v0.A.3
2015-06-02 09:39:57.999+0000 INFO  [o.n.k.i.DiagnosticsManager]:   RelationshipTypeStore v0.A.3
2015-06-02 09:39:58.000+0000 INFO  [o.n.k.i.DiagnosticsManager]:   LabelTokenStore v0.A.3
2015-06-02 09:39:58.000+0000 INFO  [o.n.k.i.DiagnosticsManager]:   PropertyStore v0.A.3
2015-06-02 09:39:58.000+0000 INFO  [o.n.k.i.DiagnosticsManager]:   PropertyIndexStore v0.A.3
2015-06-02 09:39:58.000+0000 INFO  [o.n.k.i.DiagnosticsManager]:   StringPropertyStore v0.A.3
2015-06-02 09:39:58.000+0000 INFO  [o.n.k.i.DiagnosticsManager]:   ArrayPropertyStore v0.A.3
2015-06-02 09:39:58.000+0000 INFO  [o.n.k.i.DiagnosticsManager]:   RelationshipGroupStore v0.A.3
2015-06-02 09:39:58.000+0000 INFO  [o.n.k.i.DiagnosticsManager]: --- STARTED diagnostics for NEO_STORE_VERSIONS END ---
2015-06-02 09:39:58.000+0000 INFO  [o.n.k.i.DiagnosticsManager]: --- STARTED diagnostics for NEO_STORE_ID_USAGE START ---
2015-06-02 09:39:58.000+0000 INFO  [o.n.k.i.DiagnosticsManager]: Id usage:
2015-06-02 09:39:58.000+0000 INFO  [o.n.k.i.DiagnosticsManager]: Id usage:
2015-06-02 09:39:58.001+0000 INFO  [o.n.k.i.DiagnosticsManager]:   SchemaStore: used=1 high=0
2015-06-02 09:39:58.001+0000 INFO  [o.n.k.i.DiagnosticsManager]:   NodeStore: used=0 high=-1
2015-06-02 09:39:58.002+0000 INFO  [o.n.k.i.DiagnosticsManager]:   RelationshipStore: used=0 high=-1
2015-06-02 09:39:58.002+0000 INFO  [o.n.k.i.DiagnosticsManager]:   RelationshipTypeStore: used=0 high=-1
2015-06-02 09:39:58.002+0000 INFO  [o.n.k.i.DiagnosticsManager]:   LabelTokenStore: used=0 high=-1
2015-06-02 09:39:58.002+0000 INFO  [o.n.k.i.DiagnosticsManager]:   PropertyStore: used=0 high=-1
2015-06-02 09:39:58.002+0000 INFO  [o.n.k.i.DiagnosticsManager]:   PropertyIndexStore: used=0 high=-1
2015-06-02 09:39:58.003+0000 INFO  [o.n.k.i.DiagnosticsManager]:   StringPropertyStore: used=1 high=0
2015-06-02 09:39:58.003+0000 INFO  [o.n.k.i.DiagnosticsManager]:   ArrayPropertyStore: used=1 high=0
2015-06-02 09:39:58.003+0000 INFO  [o.n.k.i.DiagnosticsManager]:   RelationshipGroupStore: used=1 high=0
2015-06-02 09:39:58.003+0000 INFO  [o.n.k.i.DiagnosticsManager]: --- STARTED diagnostics for NEO_STORE_ID_USAGE END ---
2015-06-02 09:39:58.003+0000 INFO  [o.n.k.i.DiagnosticsManager]: --- STARTED diagnostics for PERSISTENCE_WINDOW_POOL_STATS START ---
2015-06-02 09:39:58.004+0000 INFO  [o.n.k.i.DiagnosticsManager]: --- STARTED diagnostics for PERSISTENCE_WINDOW_POOL_STATS END ---
2015-06-02 09:39:58.005+0000 INFO  [o.n.k.i.DiagnosticsManager]: --- STARTED diagnostics for KernelDiagnostics:StoreFiles START ---
2015-06-02 09:39:58.006+0000 INFO  [o.n.k.i.DiagnosticsManager]: Disk space on partition (Total / Free / Free %): 488315551744 / 472901361664 / 96
Storage files: (filename : modification date - size)
2015-06-02 09:39:58.011+0000 INFO  [o.n.k.i.DiagnosticsManager]:   active_tx_log: 2015-06-02T12:39:57+0300 - 11.00 B
2015-06-02 09:39:58.012+0000 INFO  [o.n.k.i.DiagnosticsManager]:   index:
2015-06-02 09:39:58.013+0000 INFO  [o.n.k.i.DiagnosticsManager]:     lucene-store.db: 2015-06-02T12:39:57+0300 - 40.00 B
2015-06-02 09:39:58.013+0000 INFO  [o.n.k.i.DiagnosticsManager]:     lucene.log.1: 2015-06-02T12:39:57+0300 - 16.00 B
2015-06-02 09:39:58.014+0000 INFO  [o.n.k.i.DiagnosticsManager]:     lucene.log.active: 2015-06-02T12:39:57+0300 - 4.00 B
2015-06-02 09:39:58.014+0000 INFO  [o.n.k.i.DiagnosticsManager]:   - Total: 2015-06-02T12:39:57+0300 - 60.00 B
2015-06-02 09:39:58.015+0000 INFO  [o.n.k.i.DiagnosticsManager]:   lock: 2015-06-02T12:39:56+0300 - 0.00 B
2015-06-02 09:39:58.015+0000 INFO  [o.n.k.i.DiagnosticsManager]:   messages.log: 2015-06-02T12:39:58+0300 - 43.85 kB
2015-06-02 09:39:58.016+0000 INFO  [o.n.k.i.DiagnosticsManager]:   neostore: 2015-06-02T12:39:56+0300 - 81.00 B
2015-06-02 09:39:58.017+0000 INFO  [o.n.k.i.DiagnosticsManager]:   neostore.id: 2015-06-02T12:39:56+0300 - 9.00 B
2015-06-02 09:39:58.017+0000 INFO  [o.n.k.i.DiagnosticsManager]:   neostore.labeltokenstore.db: 2015-06-02T12:39:56+0300 - 0.00 B
2015-06-02 09:39:58.018+0000 INFO  [o.n.k.i.DiagnosticsManager]:   neostore.labeltokenstore.db.id: 2015-06-02T12:39:56+0300 - 9.00 B
2015-06-02 09:39:58.018+0000 INFO  [o.n.k.i.DiagnosticsManager]:   neostore.labeltokenstore.db.names: 2015-06-02T12:39:56+0300 - 38.00 B
2015-06-02 09:39:58.019+0000 INFO  [o.n.k.i.DiagnosticsManager]:   neostore.labeltokenstore.db.names.id: 2015-06-02T12:39:56+0300 - 9.00 B
2015-06-02 09:39:58.019+0000 INFO  [o.n.k.i.DiagnosticsManager]:   neostore.nodestore.db: 2015-06-02T12:39:56+0300 - 0.00 B
2015-06-02 09:39:58.020+0000 INFO  [o.n.k.i.DiagnosticsManager]:   neostore.nodestore.db.id: 2015-06-02T12:39:56+0300 - 9.00 B
2015-06-02 09:39:58.020+0000 INFO  [o.n.k.i.DiagnosticsManager]:   neostore.nodestore.db.labels: 2015-06-02T12:39:56+0300 - 68.00 B
2015-06-02 09:39:58.021+0000 INFO  [o.n.k.i.DiagnosticsManager]:   neostore.nodestore.db.labels.id: 2015-06-02T12:39:56+0300 - 9.00 B
2015-06-02 09:39:58.021+0000 INFO  [o.n.k.i.DiagnosticsManager]:   neostore.propertystore.db: 2015-06-02T12:39:56+0300 - 0.00 B
2015-06-02 09:39:58.022+0000 INFO  [o.n.k.i.DiagnosticsManager]:   neostore.propertystore.db.arrays: 2015-06-02T12:39:56+0300 - 128.00 B
2015-06-02 09:39:58.022+0000 INFO  [o.n.k.i.DiagnosticsManager]:   neostore.propertystore.db.arrays.id: 2015-06-02T12:39:56+0300 - 9.00 B
2015-06-02 09:39:58.023+0000 INFO  [o.n.k.i.DiagnosticsManager]:   neostore.propertystore.db.id: 2015-06-02T12:39:56+0300 - 9.00 B
2015-06-02 09:39:58.023+0000 INFO  [o.n.k.i.DiagnosticsManager]:   neostore.propertystore.db.index: 2015-06-02T12:39:56+0300 - 0.00 B
2015-06-02 09:39:58.024+0000 INFO  [o.n.k.i.DiagnosticsManager]:   neostore.propertystore.db.index.id: 2015-06-02T12:39:56+0300 - 9.00 B
2015-06-02 09:39:58.024+0000 INFO  [o.n.k.i.DiagnosticsManager]:   neostore.propertystore.db.index.keys: 2015-06-02T12:39:56+0300 - 38.00 B
2015-06-02 09:39:58.025+0000 INFO  [o.n.k.i.DiagnosticsManager]:   neostore.propertystore.db.index.keys.id: 2015-06-02T12:39:56+0300 - 9.00 B
2015-06-02 09:39:58.025+0000 INFO  [o.n.k.i.DiagnosticsManager]:   neostore.propertystore.db.strings: 2015-06-02T12:39:56+0300 - 128.00 B
2015-06-02 09:39:58.026+0000 INFO  [o.n.k.i.DiagnosticsManager]:   neostore.propertystore.db.strings.id: 2015-06-02T12:39:56+0300 - 9.00 B
2015-06-02 09:39:58.026+0000 INFO  [o.n.k.i.DiagnosticsManager]:   neostore.relationshipgroupstore.db: 2015-06-02T12:39:56+0300 - 25.00 B
2015-06-02 09:39:58.027+0000 INFO  [o.n.k.i.DiagnosticsManager]:   neostore.relationshipgroupstore.db.id: 2015-06-02T12:39:56+0300 - 9.00 B
2015-06-02 09:39:58.028+0000 INFO  [o.n.k.i.DiagnosticsManager]:   neostore.relationshipstore.db: 2015-06-02T12:39:56+0300 - 0.00 B
2015-06-02 09:39:58.028+0000 INFO  [o.n.k.i.DiagnosticsManager]:   neostore.relationshipstore.db.id: 2015-06-02T12:39:56+0300 - 9.00 B
2015-06-02 09:39:58.029+0000 INFO  [o.n.k.i.DiagnosticsManager]:   neostore.relationshiptypestore.db: 2015-06-02T12:39:56+0300 - 0.00 B
2015-06-02 09:39:58.029+0000 INFO  [o.n.k.i.DiagnosticsManager]:   neostore.relationshiptypestore.db.id: 2015-06-02T12:39:56+0300 - 9.00 B
2015-06-02 09:39:58.030+0000 INFO  [o.n.k.i.DiagnosticsManager]:   neostore.relationshiptypestore.db.names: 2015-06-02T12:39:56+0300 - 38.00 B
2015-06-02 09:39:58.030+0000 INFO  [o.n.k.i.DiagnosticsManager]:   neostore.relationshiptypestore.db.names.id: 2015-06-02T12:39:56+0300 - 9.00 B
2015-06-02 09:39:58.031+0000 INFO  [o.n.k.i.DiagnosticsManager]:   neostore.schemastore.db: 2015-06-02T12:39:56+0300 - 64.00 B
2015-06-02 09:39:58.031+0000 INFO  [o.n.k.i.DiagnosticsManager]:   neostore.schemastore.db.id: 2015-06-02T12:39:56+0300 - 9.00 B
2015-06-02 09:39:58.032+0000 INFO  [o.n.k.i.DiagnosticsManager]:   nioneo_logical.log.1: 2015-06-02T12:39:57+0300 - 16.00 B
2015-06-02 09:39:58.032+0000 INFO  [o.n.k.i.DiagnosticsManager]:   nioneo_logical.log.active: 2015-06-02T12:39:57+0300 - 4.00 B
2015-06-02 09:39:58.032+0000 INFO  [o.n.k.i.DiagnosticsManager]:   schema:
2015-06-02 09:39:58.033+0000 INFO  [o.n.k.i.DiagnosticsManager]:     label:
2015-06-02 09:39:58.033+0000 INFO  [o.n.k.i.DiagnosticsManager]:       lucene:
2015-06-02 09:39:58.034+0000 INFO  [o.n.k.i.DiagnosticsManager]:         write.lock: 2015-06-02T12:39:57+0300 - 0.00 B
2015-06-02 09:39:58.034+0000 INFO  [o.n.k.i.DiagnosticsManager]:       - Total: 2015-06-02T12:39:57+0300 - 0.00 B
2015-06-02 09:39:58.035+0000 INFO  [o.n.k.i.DiagnosticsManager]:     - Total: 2015-06-02T12:39:57+0300 - 0.00 B
2015-06-02 09:39:58.035+0000 INFO  [o.n.k.i.DiagnosticsManager]:   - Total: 2015-06-02T12:39:57+0300 - 0.00 B
2015-06-02 09:39:58.036+0000 INFO  [o.n.k.i.DiagnosticsManager]:   store_lock: 2015-06-02T12:39:53+0300 - 0.00 B
2015-06-02 09:39:58.036+0000 INFO  [o.n.k.i.DiagnosticsManager]:   tm_tx_log.1: 2015-06-02T12:39:57+0300 - 0.00 B
2015-06-02 09:39:58.036+0000 INFO  [o.n.k.i.DiagnosticsManager]: --- STARTED diagnostics for KernelDiagnostics:StoreFiles END ---
2015-06-02 09:39:58.299+0000 INFO  [o.n.k.EmbeddedGraphDatabase]: Database is now ready
2015-06-02 09:42:35.636+0000 INFO  [o.n.k.EmbeddedGraphDatabase]: Shutdown started
2015-06-02 09:42:35.642+0000 INFO  [o.n.k.EmbeddedGraphDatabase]: Database is now unavailable
2015-06-02 09:42:35.735+0000 INFO  [o.n.k.i.t.x.XaLogicalLog]: Closed log accessingdataneo4j.db/index/lucene.log
2015-06-02 09:42:35.783+0000 INFO  [o.n.k.i.t.TxManager]: TM shutting down
2015-06-02 09:42:35.983+0000 INFO  [o.n.k.i.t.x.XaLogicalLog]: Closed log accessingdataneo4j.db/nioneo_logical.log
2015-06-02 09:42:36.007+0000 INFO  [o.n.k.i.n.s.StoreFactory]: accessingdataneo4j.db/neostore.relationshiptypestore.db.names hit=0 miss=1 switches=0 ooe=0
2015-06-02 09:42:36.098+0000 INFO  [o.n.k.i.n.s.StoreFactory]: accessingdataneo4j.db/neostore.relationshiptypestore.db hit=0 miss=1 switches=0 ooe=0
2015-06-02 09:42:36.188+0000 INFO  [o.n.k.i.n.s.StoreFactory]: accessingdataneo4j.db/neostore.labeltokenstore.db.names hit=0 miss=4 switches=0 ooe=0
2015-06-02 09:42:36.264+0000 INFO  [o.n.k.i.n.s.StoreFactory]: accessingdataneo4j.db/neostore.labeltokenstore.db hit=0 miss=4 switches=0 ooe=0
2015-06-02 09:42:36.342+0000 INFO  [o.n.k.i.n.s.StoreFactory]: accessingdataneo4j.db/neostore.propertystore.db.strings hit=0 miss=0 switches=0 ooe=0
2015-06-02 09:42:36.409+0000 INFO  [o.n.k.i.n.s.StoreFactory]: accessingdataneo4j.db/neostore.propertystore.db.index.keys hit=0 miss=4 switches=0 ooe=0
2015-06-02 09:42:36.476+0000 INFO  [o.n.k.i.n.s.StoreFactory]: accessingdataneo4j.db/neostore.propertystore.db.index hit=0 miss=4 switches=0 ooe=0
2015-06-02 09:42:36.554+0000 INFO  [o.n.k.i.n.s.StoreFactory]: accessingdataneo4j.db/neostore.propertystore.db.arrays hit=0 miss=0 switches=0 ooe=0
2015-06-02 09:42:36.644+0000 INFO  [o.n.k.i.n.s.StoreFactory]: accessingdataneo4j.db/neostore.propertystore.db hit=4 miss=0 switches=0 ooe=0
2015-06-02 09:42:36.732+0000 INFO  [o.n.k.i.n.s.StoreFactory]: accessingdataneo4j.db/neostore.relationshipstore.db hit=2 miss=0 switches=0 ooe=0
2015-06-02 09:42:36.810+0000 INFO  [o.n.k.i.n.s.StoreFactory]: accessingdataneo4j.db/neostore.nodestore.db.labels hit=0 miss=0 switches=0 ooe=0
2015-06-02 09:42:36.888+0000 INFO  [o.n.k.i.n.s.StoreFactory]: accessingdataneo4j.db/neostore.nodestore.db hit=3 miss=0 switches=0 ooe=0
2015-06-02 09:42:36.954+0000 INFO  [o.n.k.i.n.s.StoreFactory]: accessingdataneo4j.db/neostore.schemastore.db hit=0 miss=0 switches=0 ooe=0
2015-06-02 09:42:37.032+0000 INFO  [o.n.k.i.n.s.StoreFactory]: accessingdataneo4j.db/neostore.relationshipgroupstore.db hit=0 miss=0 switches=0 ooe=0
2015-06-02 09:42:37.132+0000 INFO  [o.n.k.i.n.s.StoreFactory]: accessingdataneo4j.db/neostore hit=0 miss=31 switches=0 ooe=0
2015-06-02 09:42:37.199+0000 INFO  [o.n.k.i.n.x.NeoStoreXaDataSource]: NeoStore closed
2015-06-02 09:42:37.201+0000 INFO  [o.n.k.i.DiagnosticsManager]: --- STOPPING diagnostics START ---
2015-06-02 09:42:37.201+0000 INFO  [o.n.k.i.DiagnosticsManager]: --- STOPPING diagnostics END ---
